<?xml version="1.0" encoding="UTF-8" standalone="no"?>
<testsuite failures="0" name="cucumber.runtime.formatter.JUnitFormatter" skipped="0" tests="1" time="1.154414">
<testcase classname="Login to facebook" name="login to facebook.com with data driven with Example Keyword having external data sources" time="1.154414">
<system-out><![CDATA[Given browser, url, username and password from configuration.properties "configuration.properties" file.passed
And query from sql "Countries.sql" file.....................................passed
When user clicks on login button............................................passed
Then user should be able to login with authorized credential only...........passed
And Quit Browser with Sql File And Config File Reading......................passed
]]></system-out>
</testcase>
</testsuite>
